<?xml version="1.0" encoding="UTF-8"?>
<!-- Generated by org.testng.reporters.JUnitXMLReporter -->
<testsuite hostname="Anns" ignored="0" name="Test" tests="3" failures="3" timestamp="27 May 2018 13:13:30 GMT" time="93.406" errors="0">
  <testcase name="CreateLead" time="20.933" classname="testcases.TC003_CreateLead">
    <failure type="java.lang.RuntimeException">
      <![CDATA[java.lang.RuntimeException
at utils.Reporter.reportStep(Reporter.java:60)
at utils.Reporter.reportStep(Reporter.java:70)
at wdMethods.SeMethods.type(SeMethods.java:122)
at pages.LoginPage.enterUserName(LoginPage.java:26)
at testcases.TC003_CreateLead.CreateLead(TC003_CreateLead.java:25)
... Removed 25 stack frames]]>
    </failure>
  </testcase> <!-- CreateLead -->
  <testcase name="CreateLead" time="20.897" classname="testcases.TC003_CreateLead">
    <failure type="java.lang.RuntimeException">
      <![CDATA[java.lang.RuntimeException
at utils.Reporter.reportStep(Reporter.java:60)
at utils.Reporter.reportStep(Reporter.java:70)
at wdMethods.SeMethods.type(SeMethods.java:122)
at pages.LoginPage.enterUserName(LoginPage.java:26)
at testcases.TC003_CreateLead.CreateLead(TC003_CreateLead.java:25)
... Removed 25 stack frames]]>
    </failure>
  </testcase> <!-- CreateLead -->
  <testcase name="CreateLead" time="21.012" classname="testcases.TC003_CreateLead">
    <failure type="java.lang.RuntimeException">
      <![CDATA[java.lang.RuntimeException
at utils.Reporter.reportStep(Reporter.java:60)
at utils.Reporter.reportStep(Reporter.java:70)
at wdMethods.SeMethods.type(SeMethods.java:122)
at pages.LoginPage.enterUserName(LoginPage.java:26)
at testcases.TC003_CreateLead.CreateLead(TC003_CreateLead.java:25)
... Removed 25 stack frames]]>
    </failure>
  </testcase> <!-- CreateLead -->
</testsuite> <!-- Test -->
